2022-07-17 23:35:20,565 - Loaded System Directive: org.apache.velocity.runtime.directive.Literal
2022-07-17 23:35:20,567 - Loaded System Directive: org.apache.velocity.runtime.directive.Macro
2022-07-17 23:35:20,570 - Loaded System Directive: org.apache.velocity.runtime.directive.Parse
2022-07-17 23:35:20,572 - Loaded System Directive: org.apache.velocity.runtime.directive.Include
2022-07-17 23:35:20,574 - Loaded System Directive: org.apache.velocity.runtime.directive.Foreach
2022-07-17 23:35:20,639 - Created '20' parsers.
2022-07-17 23:35:20,648 - Velocimacro : "velocimacro.library" is not set.  Trying default library: VM_global_library.vm
2022-07-17 23:35:20,650 - Could not load resource 'VM_global_library.vm' from ResourceLoader org.apache.velocity.runtime.resource.loader.ClasspathResourceLoader: ClasspathResourceLoader Error: cannot find resource VM_global_library.vm
2022-07-17 23:35:20,651 - Velocimacro : Default library not found.
2022-07-17 23:35:20,651 - Velocimacro : allowInline = true : VMs can be defined inline in templates
2022-07-17 23:35:20,651 - Velocimacro : allowInlineToOverride = false : VMs defined inline may NOT replace previous VM definitions
2022-07-17 23:35:20,651 - Velocimacro : allowInlineLocal = false : VMs defined inline will be global in scope if allowed.
2022-07-17 23:35:20,651 - Velocimacro : autoload off : VM system will not automatically reload global library macros
2022-07-17 23:35:20,865 - ResourceManager : found templates/generators/errorpage.vm with loader org.apache.velocity.runtime.resource.loader.ClasspathResourceLoader
2022-07-17 23:35:20,881 - ResourceManager : found /templates/headers.vm with loader org.apache.velocity.runtime.resource.loader.ClasspathResourceLoader
2022-07-17 23:35:20,884 - ResourceManager : found /templates/head.vm with loader org.apache.velocity.runtime.resource.loader.ClasspathResourceLoader
2022-07-17 23:35:20,895 - Velocimacro : added VM stringArray: source=/templates/macros/array.js.vm
2022-07-17 23:35:20,895 - Velocimacro : added VM numberArray: source=/templates/macros/array.js.vm
2022-07-17 23:35:20,895 - ResourceManager : found /templates/macros/array.js.vm with loader org.apache.velocity.runtime.resource.loader.ClasspathResourceLoader
2022-07-17 23:35:20,902 - Velocimacro : added VM includeBuildInfo: source=/templates/macros/page/buildinfo.vm
2022-07-17 23:35:20,902 - ResourceManager : found /templates/macros/page/buildinfo.vm with loader org.apache.velocity.runtime.resource.loader.ClasspathResourceLoader
2022-07-17 23:35:20,914 - Velocimacro : added VM includeClassifications: source=/templates/macros/page/classifications.vm
2022-07-17 23:35:20,914 - ResourceManager : found /templates/macros/page/classifications.vm with loader org.apache.velocity.runtime.resource.loader.ClasspathResourceLoader
2022-07-17 23:35:20,917 - Velocimacro : added VM includeLead: source=/templates/macros/page/lead.vm
2022-07-17 23:35:20,917 - ResourceManager : found /templates/macros/page/lead.vm with loader org.apache.velocity.runtime.resource.loader.ClasspathResourceLoader
2022-07-17 23:35:20,925 - Velocimacro : added VM includeNavigation: source=/templates/macros/page/navigation.vm
2022-07-17 23:35:20,925 - ResourceManager : found /templates/macros/page/navigation.vm with loader org.apache.velocity.runtime.resource.loader.ClasspathResourceLoader
2022-07-17 23:35:20,931 - Velocimacro : added VM includeReportInfo: source=/templates/macros/page/reportInfo.vm
2022-07-17 23:35:20,931 - ResourceManager : found /templates/macros/page/reportInfo.vm with loader org.apache.velocity.runtime.resource.loader.ClasspathResourceLoader
2022-07-17 23:35:20,935 - Velocimacro : added VM includeTitle: source=/templates/macros/page/title.vm
2022-07-17 23:35:20,935 - ResourceManager : found /templates/macros/page/title.vm with loader org.apache.velocity.runtime.resource.loader.ClasspathResourceLoader
2022-07-17 23:35:20,938 - Velocimacro : added VM includeExpandingButtons: source=/templates/macros/report/expandAllButtons.vm
2022-07-17 23:35:20,938 - ResourceManager : found /templates/macros/report/expandAllButtons.vm with loader org.apache.velocity.runtime.resource.loader.ClasspathResourceLoader
2022-07-17 23:35:20,954 - Velocimacro : added VM includeReportTable: source=/templates/macros/report/reportTable.vm
2022-07-17 23:35:20,954 - ResourceManager : found /templates/macros/report/reportTable.vm with loader org.apache.velocity.runtime.resource.loader.ClasspathResourceLoader
2022-07-17 23:35:20,957 - Velocimacro : added VM includeReportHeader: source=/templates/macros/report/reportHeader.vm
2022-07-17 23:35:20,957 - ResourceManager : found /templates/macros/report/reportHeader.vm with loader org.apache.velocity.runtime.resource.loader.ClasspathResourceLoader
2022-07-17 23:35:20,978 - Velocimacro : added VM includeStatsTable: source=/templates/macros/report/statsTable.vm
2022-07-17 23:35:20,978 - ResourceManager : found /templates/macros/report/statsTable.vm with loader org.apache.velocity.runtime.resource.loader.ClasspathResourceLoader
2022-07-17 23:35:20,982 - Velocimacro : added VM includeBrief: source=/templates/macros/json/brief.vm
2022-07-17 23:35:20,982 - ResourceManager : found /templates/macros/json/brief.vm with loader org.apache.velocity.runtime.resource.loader.ClasspathResourceLoader
2022-07-17 23:35:20,986 - Velocimacro : added VM includeDocString: source=/templates/macros/json/docstring.vm
2022-07-17 23:35:20,986 - ResourceManager : found /templates/macros/json/docstring.vm with loader org.apache.velocity.runtime.resource.loader.ClasspathResourceLoader
2022-07-17 23:35:20,989 - Velocimacro : added VM includeDuration: source=/templates/macros/json/duration.vm
2022-07-17 23:35:20,989 - ResourceManager : found /templates/macros/json/duration.vm with loader org.apache.velocity.runtime.resource.loader.ClasspathResourceLoader
2022-07-17 23:35:21,000 - Velocimacro : added VM includeElement: source=/templates/macros/json/element.vm
2022-07-17 23:35:21,000 - ResourceManager : found /templates/macros/json/element.vm with loader org.apache.velocity.runtime.resource.loader.ClasspathResourceLoader
2022-07-17 23:35:21,025 - Velocimacro : added VM includeEmbeddings: source=/templates/macros/json/embeddings.vm
2022-07-17 23:35:21,026 - Velocimacro : added VM includeHtmlEmbedding: source=/templates/macros/json/embeddings.vm
2022-07-17 23:35:21,027 - Velocimacro : added VM includeVideoEmbedding: source=/templates/macros/json/embeddings.vm
2022-07-17 23:35:21,028 - Velocimacro : added VM includeImageEmbedding: source=/templates/macros/json/embeddings.vm
2022-07-17 23:35:21,028 - Velocimacro : added VM includeImageReferenceEmbedding: source=/templates/macros/json/embeddings.vm
2022-07-17 23:35:21,028 - Velocimacro : added VM includeTextEmbedding: source=/templates/macros/json/embeddings.vm
2022-07-17 23:35:21,029 - Velocimacro : added VM includeUnknownEmbedding: source=/templates/macros/json/embeddings.vm
2022-07-17 23:35:21,029 - ResourceManager : found /templates/macros/json/embeddings.vm with loader org.apache.velocity.runtime.resource.loader.ClasspathResourceLoader
2022-07-17 23:35:21,037 - Velocimacro : added VM includeHooks: source=/templates/macros/json/hooks.vm
2022-07-17 23:35:21,037 - ResourceManager : found /templates/macros/json/hooks.vm with loader org.apache.velocity.runtime.resource.loader.ClasspathResourceLoader
2022-07-17 23:35:21,044 - Velocimacro : added VM includeOutput: source=/templates/macros/json/output.vm
2022-07-17 23:35:21,044 - ResourceManager : found /templates/macros/json/output.vm with loader org.apache.velocity.runtime.resource.loader.ClasspathResourceLoader
2022-07-17 23:35:21,048 - Velocimacro : added VM includeMessage: source=/templates/macros/json/message.vm
2022-07-17 23:35:21,048 - ResourceManager : found /templates/macros/json/message.vm with loader org.apache.velocity.runtime.resource.loader.ClasspathResourceLoader
2022-07-17 23:35:21,056 - Velocimacro : added VM includeSteps: source=/templates/macros/json/steps.vm
2022-07-17 23:35:21,056 - ResourceManager : found /templates/macros/json/steps.vm with loader org.apache.velocity.runtime.resource.loader.ClasspathResourceLoader
2022-07-17 23:35:21,059 - Velocimacro : added VM includeStepName: source=/templates/macros/json/stepName.vm
2022-07-17 23:35:21,060 - ResourceManager : found /templates/macros/json/stepName.vm with loader org.apache.velocity.runtime.resource.loader.ClasspathResourceLoader
2022-07-17 23:35:21,062 - Velocimacro : added VM includeTags: source=/templates/macros/json/tags.vm
2022-07-17 23:35:21,063 - ResourceManager : found /templates/macros/json/tags.vm with loader org.apache.velocity.runtime.resource.loader.ClasspathResourceLoader
2022-07-17 23:35:21,096 - VM #includeNavigation: too few arguments to macro. Wanted 1 got 0
2022-07-17 23:35:21,100 - Left side ($active_tab) of '==' operation has null value. If it is a reference, it may not be in the context or its toString() returned null. /templates/macros/page/navigation.vm[line 14, column 51]
2022-07-17 23:35:21,100 - Left side ($active_tab) of '==' operation has null value. If it is a reference, it may not be in the context or its toString() returned null. /templates/macros/page/navigation.vm[line 15, column 51]
2022-07-17 23:35:21,100 - Left side ($active_tab) of '==' operation has null value. If it is a reference, it may not be in the context or its toString() returned null. /templates/macros/page/navigation.vm[line 16, column 51]
2022-07-17 23:35:21,100 - Left side ($active_tab) of '==' operation has null value. If it is a reference, it may not be in the context or its toString() returned null. /templates/macros/page/navigation.vm[line 20, column 51]
2022-07-17 23:35:21,170 - ResourceManager : found /templates/footer.vm with loader org.apache.velocity.runtime.resource.loader.ClasspathResourceLoader
2022-07-17 23:36:02,270 - Log4JLogChute initialized using file 'target\velocity.log'
2022-07-17 23:36:02,271 - Initializing Velocity, Calling init()...
2022-07-17 23:36:02,271 - Starting Apache Velocity v1.7 (compiled: 2010-11-19 12:14:37)
2022-07-17 23:36:02,272 - Default Properties File: org\apache\velocity\runtime\defaults\velocity.properties
2022-07-17 23:36:02,272 - Trying to use logger class org.apache.velocity.runtime.log.AvalonLogChute
2022-07-17 23:36:02,272 - Target log system for org.apache.velocity.runtime.log.AvalonLogChute is not available (java.lang.NoClassDefFoundError: org/apache/log/format/Formatter).  Falling back to next log system...
2022-07-17 23:36:02,272 - Trying to use logger class org.apache.velocity.runtime.log.Log4JLogChute
2022-07-17 23:36:02,272 - Using logger class org.apache.velocity.runtime.log.Log4JLogChute
2022-07-17 23:36:02,277 - ResourceLoader instantiated: org.apache.velocity.runtime.resource.loader.ClasspathResourceLoader
2022-07-17 23:36:02,302 - ResourceCache: initialized (class org.apache.velocity.runtime.resource.ResourceCacheImpl) with class java.util.Collections$SynchronizedMap cache map.
2022-07-17 23:36:02,305 - Loaded System Directive: org.apache.velocity.runtime.directive.Stop
2022-07-17 23:36:02,307 - Loaded System Directive: org.apache.velocity.runtime.directive.Define
2022-07-17 23:36:02,308 - Loaded System Directive: org.apache.velocity.runtime.directive.Break
2022-07-17 23:36:02,309 - Loaded System Directive: org.apache.velocity.runtime.directive.Evaluate
2022-07-17 23:36:02,310 - Loaded System Directive: org.apache.velocity.runtime.directive.Literal
2022-07-17 23:36:02,312 - Loaded System Directive: org.apache.velocity.runtime.directive.Macro
2022-07-17 23:36:02,315 - Loaded System Directive: org.apache.velocity.runtime.directive.Parse
2022-07-17 23:36:02,318 - Loaded System Directive: org.apache.velocity.runtime.directive.Include
2022-07-17 23:36:02,320 - Loaded System Directive: org.apache.velocity.runtime.directive.Foreach
2022-07-17 23:36:02,392 - Created '20' parsers.
2022-07-17 23:36:02,406 - Velocimacro : "velocimacro.library" is not set.  Trying default library: VM_global_library.vm
2022-07-17 23:36:02,408 - Could not load resource 'VM_global_library.vm' from ResourceLoader org.apache.velocity.runtime.resource.loader.ClasspathResourceLoader: ClasspathResourceLoader Error: cannot find resource VM_global_library.vm
2022-07-17 23:36:02,408 - Velocimacro : Default library not found.
2022-07-17 23:36:02,408 - Velocimacro : allowInline = true : VMs can be defined inline in templates
2022-07-17 23:36:02,409 - Velocimacro : allowInlineToOverride = false : VMs defined inline may NOT replace previous VM definitions
2022-07-17 23:36:02,409 - Velocimacro : allowInlineLocal = false : VMs defined inline will be global in scope if allowed.
2022-07-17 23:36:02,409 - Velocimacro : autoload off : VM system will not automatically reload global library macros
2022-07-17 23:36:02,598 - ResourceManager : found templates/generators/errorpage.vm with loader org.apache.velocity.runtime.resource.loader.ClasspathResourceLoader
2022-07-17 23:36:02,607 - ResourceManager : found /templates/headers.vm with loader org.apache.velocity.runtime.resource.loader.ClasspathResourceLoader
2022-07-17 23:36:02,608 - ResourceManager : found /templates/head.vm with loader org.apache.velocity.runtime.resource.loader.ClasspathResourceLoader
2022-07-17 23:36:02,613 - Velocimacro : added VM stringArray: source=/templates/macros/array.js.vm
2022-07-17 23:36:02,613 - Velocimacro : added VM numberArray: source=/templates/macros/array.js.vm
2022-07-17 23:36:02,613 - ResourceManager : found /templates/macros/array.js.vm with loader org.apache.velocity.runtime.resource.loader.ClasspathResourceLoader
2022-07-17 23:36:02,617 - Velocimacro : added VM includeBuildInfo: source=/templates/macros/page/buildinfo.vm
2022-07-17 23:36:02,618 - ResourceManager : found /templates/macros/page/buildinfo.vm with loader org.apache.velocity.runtime.resource.loader.ClasspathResourceLoader
2022-07-17 23:36:02,625 - Velocimacro : added VM includeClassifications: source=/templates/macros/page/classifications.vm
2022-07-17 23:36:02,625 - ResourceManager : found /templates/macros/page/classifications.vm with loader org.apache.velocity.runtime.resource.loader.ClasspathResourceLoader
2022-07-17 23:36:02,627 - Velocimacro : added VM includeLead: source=/templates/macros/page/lead.vm
2022-07-17 23:36:02,627 - ResourceManager : found /templates/macros/page/lead.vm with loader org.apache.velocity.runtime.resource.loader.ClasspathResourceLoader
2022-07-17 23:36:02,632 - Velocimacro : added VM includeNavigation: source=/templates/macros/page/navigation.vm
2022-07-17 23:36:02,632 - ResourceManager : found /templates/macros/page/navigation.vm with loader org.apache.velocity.runtime.resource.loader.ClasspathResourceLoader
2022-07-17 23:36:02,635 - Velocimacro : added VM includeReportInfo: source=/templates/macros/page/reportInfo.vm
2022-07-17 23:36:02,635 - ResourceManager : found /templates/macros/page/reportInfo.vm with loader org.apache.velocity.runtime.resource.loader.ClasspathResourceLoader
2022-07-17 23:36:02,637 - Velocimacro : added VM includeTitle: source=/templates/macros/page/title.vm
2022-07-17 23:36:02,637 - ResourceManager : found /templates/macros/page/title.vm with loader org.apache.velocity.runtime.resource.loader.ClasspathResourceLoader
2022-07-17 23:36:02,639 - Velocimacro : added VM includeExpandingButtons: source=/templates/macros/report/expandAllButtons.vm
2022-07-17 23:36:02,639 - ResourceManager : found /templates/macros/report/expandAllButtons.vm with loader org.apache.velocity.runtime.resource.loader.ClasspathResourceLoader
2022-07-17 23:36:02,648 - Velocimacro : added VM includeReportTable: source=/templates/macros/report/reportTable.vm
2022-07-17 23:36:02,648 - ResourceManager : found /templates/macros/report/reportTable.vm with loader org.apache.velocity.runtime.resource.loader.ClasspathResourceLoader
2022-07-17 23:36:02,650 - Velocimacro : added VM includeReportHeader: source=/templates/macros/report/reportHeader.vm
2022-07-17 23:36:02,650 - ResourceManager : found /templates/macros/report/reportHeader.vm with loader org.apache.velocity.runtime.resource.loader.ClasspathResourceLoader
2022-07-17 23:36:02,662 - Velocimacro : added VM includeStatsTable: source=/templates/macros/report/statsTable.vm
2022-07-17 23:36:02,662 - ResourceManager : found /templates/macros/report/statsTable.vm with loader org.apache.velocity.runtime.resource.loader.ClasspathResourceLoader
2022-07-17 23:36:02,664 - Velocimacro : added VM includeBrief: source=/templates/macros/json/brief.vm
2022-07-17 23:36:02,664 - ResourceManager : found /templates/macros/json/brief.vm with loader org.apache.velocity.runtime.resource.loader.ClasspathResourceLoader
2022-07-17 23:36:02,666 - Velocimacro : added VM includeDocString: source=/templates/macros/json/docstring.vm
2022-07-17 23:36:02,666 - ResourceManager : found /templates/macros/json/docstring.vm with loader org.apache.velocity.runtime.resource.loader.ClasspathResourceLoader
2022-07-17 23:36:02,668 - Velocimacro : added VM includeDuration: source=/templates/macros/json/duration.vm
2022-07-17 23:36:02,668 - ResourceManager : found /templates/macros/json/duration.vm with loader org.apache.velocity.runtime.resource.loader.ClasspathResourceLoader
2022-07-17 23:36:02,674 - Velocimacro : added VM includeElement: source=/templates/macros/json/element.vm
2022-07-17 23:36:02,674 - ResourceManager : found /templates/macros/json/element.vm with loader org.apache.velocity.runtime.resource.loader.ClasspathResourceLoader
2022-07-17 23:36:02,690 - Velocimacro : added VM includeEmbeddings: source=/templates/macros/json/embeddings.vm
2022-07-17 23:36:02,690 - Velocimacro : added VM includeHtmlEmbedding: source=/templates/macros/json/embeddings.vm
2022-07-17 23:36:02,691 - Velocimacro : added VM includeVideoEmbedding: source=/templates/macros/json/embeddings.vm
2022-07-17 23:36:02,691 - Velocimacro : added VM includeImageEmbedding: source=/templates/macros/json/embeddings.vm
2022-07-17 23:36:02,691 - Velocimacro : added VM includeImageReferenceEmbedding: source=/templates/macros/json/embeddings.vm
2022-07-17 23:36:02,692 - Velocimacro : added VM includeTextEmbedding: source=/templates/macros/json/embeddings.vm
2022-07-17 23:36:02,692 - Velocimacro : added VM includeUnknownEmbedding: source=/templates/macros/json/embeddings.vm
2022-07-17 23:36:02,692 - ResourceManager : found /templates/macros/json/embeddings.vm with loader org.apache.velocity.runtime.resource.loader.ClasspathResourceLoader
2022-07-17 23:36:02,697 - Velocimacro : added VM includeHooks: source=/templates/macros/json/hooks.vm
2022-07-17 23:36:02,697 - ResourceManager : found /templates/macros/json/hooks.vm with loader org.apache.velocity.runtime.resource.loader.ClasspathResourceLoader
2022-07-17 23:36:02,701 - Velocimacro : added VM includeOutput: source=/templates/macros/json/output.vm
2022-07-17 23:36:02,701 - ResourceManager : found /templates/macros/json/output.vm with loader org.apache.velocity.runtime.resource.loader.ClasspathResourceLoader
2022-07-17 23:36:02,703 - Velocimacro : added VM includeMessage: source=/templates/macros/json/message.vm
2022-07-17 23:36:02,703 - ResourceManager : found /templates/macros/json/message.vm with loader org.apache.velocity.runtime.resource.loader.ClasspathResourceLoader
2022-07-17 23:36:02,707 - Velocimacro : added VM includeSteps: source=/templates/macros/json/steps.vm
2022-07-17 23:36:02,707 - ResourceManager : found /templates/macros/json/steps.vm with loader org.apache.velocity.runtime.resource.loader.ClasspathResourceLoader
2022-07-17 23:36:02,708 - Velocimacro : added VM includeStepName: source=/templates/macros/json/stepName.vm
2022-07-17 23:36:02,708 - ResourceManager : found /templates/macros/json/stepName.vm with loader org.apache.velocity.runtime.resource.loader.ClasspathResourceLoader
2022-07-17 23:36:02,710 - Velocimacro : added VM includeTags: source=/templates/macros/json/tags.vm
2022-07-17 23:36:02,710 - ResourceManager : found /templates/macros/json/tags.vm with loader org.apache.velocity.runtime.resource.loader.ClasspathResourceLoader
2022-07-17 23:36:02,726 - VM #includeNavigation: too few arguments to macro. Wanted 1 got 0
2022-07-17 23:36:02,727 - Left side ($active_tab) of '==' operation has null value. If it is a reference, it may not be in the context or its toString() returned null. /templates/macros/page/navigation.vm[line 14, column 51]
2022-07-17 23:36:02,728 - Left side ($active_tab) of '==' operation has null value. If it is a reference, it may not be in the context or its toString() returned null. /templates/macros/page/navigation.vm[line 15, column 51]
2022-07-17 23:36:02,728 - Left side ($active_tab) of '==' operation has null value. If it is a reference, it may not be in the context or its toString() returned null. /templates/macros/page/navigation.vm[line 16, column 51]
2022-07-17 23:36:02,728 - Left side ($active_tab) of '==' operation has null value. If it is a reference, it may not be in the context or its toString() returned null. /templates/macros/page/navigation.vm[line 20, column 51]
2022-07-17 23:36:02,764 - ResourceManager : found /templates/footer.vm with loader org.apache.velocity.runtime.resource.loader.ClasspathResourceLoader
